INFO: 2022-06-20 18:01:29,495 - root -  - {'commit': 'implicit_ordering_3', 'exp': 3, 'savefig': True, 'saveResults': True, 'gpu_num': 3, 'dataset': 'pamap2', 'window': 2048, 'shift': 2048, 'learning_rate': 0.001, 'optimizer': 'Adam', 'epochs': 100, 'batch_size': 32, 'maxIters': 2, 'beta': 100, 'cluster_reassignment': 100, 'random_state': 52, 'threshold': 0.01, 'pretrain_epoch': 1, 'initializer': 'sequential', 'ablation': 'None', 'n_filters': 8, 'n_latent': 20, 'kernel_size': 3, 'padding': 'causal', 'n_dilation': 8, 'dropout_rate': 0.25, 'dilation_exp': 2, 'sampling_factor': 16}
INFO: 2022-06-20 18:01:29,557 - root -  - pamap2: Data size: (51843, 51) (51843,)
INFO: 2022-06-20 18:01:34,633 - root -  - Data shape: (51843, 20)
INFO: 2022-06-20 18:01:51,698 - root -  - (array([0.0000, 1.0000, 2.0000, 3.0000, 4.0000, 5.0000, 6.0000, 7.0000,
       8.0000, 9.0000, 10.0000, 11.0000]), array([4547, 4426, 3010, 6551, 3231, 4136, 4160, 5616, 3533, 2260, 6015,
       4358]))
INFO: 2022-06-20 18:01:51,956 - root -  - # EPOCH 2 | # Scoring: nmi 0.808 ami 0.808 ari 0.699 f1 0.675 acc 0.741
INFO: 2022-06-20 18:01:51,957 - root -  - Changed total 0.756.
INFO: 2022-06-20 18:01:52,513 - root -  - Data shape: (51843, 20)
INFO: 2022-06-20 18:02:09,394 - root -  - (array([0.0000, 1.0000, 2.0000, 3.0000, 4.0000, 5.0000, 6.0000, 7.0000,
       8.0000, 9.0000, 10.0000, 11.0000]), array([5462, 4547, 3776, 4400, 3055, 4433, 6562, 3524, 2813, 2874, 6085,
       4312]))
INFO: 2022-06-20 18:02:09,648 - root -  - # EPOCH 4 | # Scoring: nmi 0.799 ami 0.799 ari 0.683 f1 0.656 acc 0.714
INFO: 2022-06-20 18:02:09,649 - root -  - Changed total 0.062.
INFO: 2022-06-20 18:02:10,302 - root -  - Data shape: (51843, 20)
INFO: 2022-06-20 18:02:27,153 - root -  - (array([0.0000, 1.0000, 2.0000, 3.0000, 4.0000, 5.0000, 6.0000, 7.0000,
       8.0000, 9.0000, 10.0000, 11.0000]), array([5437, 4546, 3596, 4393, 3115, 4438, 5951, 4279, 2735, 2862, 6099,
       4392]))
INFO: 2022-06-20 18:02:27,412 - root -  - # EPOCH 6 | # Scoring: nmi 0.800 ami 0.800 ari 0.687 f1 0.667 acc 0.717
INFO: 2022-06-20 18:02:27,413 - root -  - Changed total 0.024.
INFO: 2022-06-20 18:02:27,960 - root -  - Data shape: (51843, 20)
INFO: 2022-06-20 18:02:45,009 - root -  - (array([0.0000, 1.0000, 2.0000, 3.0000, 4.0000, 5.0000, 6.0000, 7.0000,
       8.0000, 9.0000, 10.0000, 11.0000]), array([5423, 4546, 3545, 4397, 3129, 4442, 5037, 5222, 2547, 2953, 6149,
       4453]))
INFO: 2022-06-20 18:02:45,263 - root -  - # EPOCH 8 | # Scoring: nmi 0.807 ami 0.807 ari 0.707 f1 0.679 acc 0.740
INFO: 2022-06-20 18:02:45,265 - root -  - Changed total 0.234.
INFO: 2022-06-20 18:02:45,961 - root -  - Data shape: (51843, 20)
INFO: 2022-06-20 18:03:02,900 - root -  - (array([0.0000, 1.0000, 2.0000, 3.0000, 4.0000, 5.0000, 6.0000, 7.0000,
       8.0000, 9.0000, 10.0000, 11.0000]), array([5413, 4546, 3565, 4276, 3312, 4446, 4099, 6078, 2325, 3154, 4486,
       6143]))
INFO: 2022-06-20 18:03:03,162 - root -  - # EPOCH 10 | # Scoring: nmi 0.815 ami 0.815 ari 0.739 f1 0.690 acc 0.761
INFO: 2022-06-20 18:03:03,164 - root -  - Changed total 0.176.
INFO: 2022-06-20 18:03:03,731 - root -  - Data shape: (51843, 20)
INFO: 2022-06-20 18:03:20,588 - root -  - (array([0.0000, 1.0000, 2.0000, 3.0000, 4.0000, 5.0000, 6.0000, 7.0000,
       8.0000, 9.0000, 10.0000, 11.0000]), array([5387, 4546, 3727, 4277, 3152, 4452, 4027, 6148, 2337, 4486, 3160,
       6144]))
INFO: 2022-06-20 18:03:20,848 - root -  - # EPOCH 12 | # Scoring: nmi 0.817 ami 0.817 ari 0.745 f1 0.690 acc 0.765
INFO: 2022-06-20 18:03:20,849 - root -  - Changed total 0.008.
INFO: 2022-06-20 18:03:20,849 - root -  - CONVERGED!!!
INFO: 2022-06-20 18:03:20,937 - root -  - Data shape: (51843, 20)
INFO: 2022-06-20 18:04:49,814 - root -  - 
CONVERGED!!! BREAKING EARLY!!!
INFO: 2022-06-20 18:04:49,904 - root -  - (array([0.0000, 1.0000, 2.0000, 3.0000, 4.0000, 5.0000, 6.0000, 7.0000,
       8.0000, 9.0000, 10.0000, 11.0000]), array([5303, 4538, 3772, 4533, 3115, 4382, 4317, 5760, 2307, 4494, 3183,
       6139]))
INFO: 2022-06-20 18:04:50,170 - root -  - # EPOCH 12 | # Scoring: nmi 0.819 ami 0.819 ari 0.739 f1 0.690 acc 0.762
INFO: 2022-06-20 18:04:50,171 - root -  - SAVE PREDICTION.
INFO: 2022-06-20 18:04:50,176 - root -  - SAVE RESULTS.
INFO: 2022-06-20 18:04:50,468 - root -  - SAVE PREDICTION PLOT.
INFO: 2022-06-20 18:05:00,684 - root -  - # FINAL SCORE @ EPOCH 12 | # Scoring: nmi 0.819 ami 0.819 ari 0.739 f1 0.690 acc 0.762
INFO: 2022-06-20 18:05:00,933 - root -  - SAVE PREDICTION RESULTS.
