INFO: 2022-06-20 22:05:35,336 - root -  - {'commit': 'implicit_ordering_gm_1', 'exp': 1, 'savefig': True, 'saveResults': True, 'gpu_num': 3, 'dataset': 'pamap2', 'window': 2048, 'shift': 2048, 'learning_rate': 0.001, 'optimizer': 'Adam', 'epochs': 100, 'batch_size': 32, 'maxIters': 2, 'beta': 100, 'cluster_reassignment': 100, 'random_state': 52, 'threshold': 0.01, 'pretrain_epoch': 1, 'initializer': 'sequential', 'ablation': 'noICC', 'n_filters': 8, 'n_latent': 20, 'kernel_size': 3, 'padding': 'causal', 'n_dilation': 8, 'dropout_rate': 0.25, 'dilation_exp': 2, 'sampling_factor': 16}
INFO: 2022-06-20 22:05:35,396 - root -  - pamap2: Data size: (51843, 51) (51843,)
INFO: 2022-06-20 22:05:51,234 - root -  - (array([ 0,  1,  2,  3,  4,  5,  6,  7,  8,  9, 10, 11]), array([6382, 4075, 4372, 4380, 3394, 3931, 1341, 5737, 5187, 2604, 6263,
       4177]))
INFO: 2022-06-20 22:05:51,429 - root -  - # EPOCH 2 | # Scoring: nmi 0.729 ami 0.729 ari 0.579 f1 0.635 acc 0.675
INFO: 2022-06-20 22:05:51,430 - root -  - Changed total 0.846.
INFO: 2022-06-20 22:06:00,686 - root -  - (array([ 0,  1,  2,  3,  4,  5,  6,  7,  8,  9, 10, 11]), array([2870, 4320, 7565, 4155, 4803, 5198, 5690, 2369, 1855, 5155, 3472,
       4391]))
INFO: 2022-06-20 22:06:00,883 - root -  - # EPOCH 4 | # Scoring: nmi 0.722 ami 0.722 ari 0.577 f1 0.581 acc 0.648
INFO: 2022-06-20 22:06:00,885 - root -  - Changed total 0.623.
INFO: 2022-06-20 22:06:06,010 - root -  - (array([ 0,  1,  2,  3,  4,  5,  6,  7,  8,  9, 10, 11]), array([4388, 3694, 5842, 2872, 4320, 6571, 4149, 3924, 5417, 3468, 5686,
       1512]))
INFO: 2022-06-20 22:06:06,206 - root -  - # EPOCH 6 | # Scoring: nmi 0.721 ami 0.720 ari 0.580 f1 0.635 acc 0.671
INFO: 2022-06-20 22:06:06,208 - root -  - Changed total 0.690.
INFO: 2022-06-20 22:06:11,394 - root -  - (array([ 0,  1,  2,  3,  4,  5,  6,  7,  8,  9, 10, 11]), array([5555, 4386, 3209, 5162, 4320, 2951, 6282, 6428, 3934, 4131, 2011,
       3474]))
INFO: 2022-06-20 22:06:11,590 - root -  - # EPOCH 8 | # Scoring: nmi 0.718 ami 0.718 ari 0.579 f1 0.628 acc 0.667
INFO: 2022-06-20 22:06:11,592 - root -  - Changed total 0.498.
INFO: 2022-06-20 22:06:18,834 - root -  - (array([ 0,  1,  2,  3,  4,  5,  6,  7,  8,  9, 10, 11]), array([4320, 2965, 6594, 5061, 3982, 3469, 2891, 3182, 4366, 5174, 5686,
       4153]))
INFO: 2022-06-20 22:06:19,029 - root -  - # EPOCH 10 | # Scoring: nmi 0.755 ami 0.755 ari 0.620 f1 0.636 acc 0.690
INFO: 2022-06-20 22:06:19,031 - root -  - Changed total 0.491.
INFO: 2022-06-20 22:06:25,223 - root -  - (array([ 0,  1,  2,  3,  4,  5,  6,  7,  8,  9, 10, 11]), array([4146, 3983, 4158, 4320, 3475, 4367, 5224, 5205, 4851, 2953, 3345,
       5816]))
INFO: 2022-06-20 22:06:25,420 - root -  - # EPOCH 12 | # Scoring: nmi 0.717 ami 0.717 ari 0.585 f1 0.606 acc 0.650
INFO: 2022-06-20 22:06:25,421 - root -  - Changed total 0.595.
INFO: 2022-06-20 22:06:32,282 - root -  - (array([ 0,  1,  2,  3,  4,  5,  6,  7,  8,  9, 10, 11]), array([5194, 4320, 5060, 6763, 3956, 3462, 5785, 4367, 2805, 4152, 2899,
       3080]))
INFO: 2022-06-20 22:06:32,476 - root -  - # EPOCH 14 | # Scoring: nmi 0.755 ami 0.755 ari 0.617 f1 0.632 acc 0.687
INFO: 2022-06-20 22:06:32,477 - root -  - Changed total 0.595.
INFO: 2022-06-20 22:06:42,187 - root -  - (array([ 0,  1,  2,  3,  4,  5,  6,  7,  8,  9, 10, 11]), array([3223, 3419, 4347, 6648, 3950, 5939, 4122, 5742, 4360, 4911, 3311,
       1871]))
INFO: 2022-06-20 22:06:42,398 - root -  - # EPOCH 16 | # Scoring: nmi 0.732 ami 0.732 ari 0.590 f1 0.641 acc 0.674
INFO: 2022-06-20 22:06:42,400 - root -  - Changed total 0.828.
INFO: 2022-06-20 22:06:47,522 - root -  - (array([ 0,  1,  2,  3,  4,  5,  6,  7,  8,  9, 10, 11]), array([4350, 5088, 6759, 4130, 3942, 1412, 6114, 7063, 4998, 1410, 4346,
       2231]))
INFO: 2022-06-20 22:06:47,715 - root -  - # EPOCH 18 | # Scoring: nmi 0.707 ami 0.707 ari 0.557 f1 0.633 acc 0.665
INFO: 2022-06-20 22:06:47,716 - root -  - Changed total 0.998.
INFO: 2022-06-20 22:06:55,654 - root -  - (array([ 0,  1,  2,  3,  4,  5,  6,  7,  8,  9, 10, 11]), array([1871, 5980, 4350, 3226, 4329, 4923, 2429, 4120, 6619, 1854, 6117,
       6025]))
INFO: 2022-06-20 22:06:55,847 - root -  - # EPOCH 20 | # Scoring: nmi 0.714 ami 0.714 ari 0.565 f1 0.601 acc 0.645
INFO: 2022-06-20 22:06:55,848 - root -  - Changed total 0.999.
INFO: 2022-06-20 22:07:04,047 - root -  - (array([ 0,  1,  2,  3,  4,  5,  6,  7,  8,  9, 10, 11]), array([4750, 4318, 5211, 4331, 2958, 6259, 1871, 5983, 2360, 3470, 4138,
       6194]))
INFO: 2022-06-20 22:07:04,239 - root -  - # EPOCH 22 | # Scoring: nmi 0.732 ami 0.731 ari 0.590 f1 0.590 acc 0.654
INFO: 2022-06-20 22:07:04,241 - root -  - Changed total 0.804.
INFO: 2022-06-20 22:07:09,481 - root -  - (array([ 0,  1,  2,  3,  4,  5,  6,  7,  8,  9, 10, 11]), array([3025, 4315, 5991, 4330, 4162, 7429, 3381, 2730, 5881, 3848, 5100,
       1651]))
INFO: 2022-06-20 22:07:09,673 - root -  - # EPOCH 24 | # Scoring: nmi 0.728 ami 0.728 ari 0.565 f1 0.566 acc 0.628
INFO: 2022-06-20 22:07:09,675 - root -  - Changed total 0.764.
INFO: 2022-06-20 22:07:15,849 - root -  - (array([ 0,  1,  2,  3,  4,  5,  6,  7,  8,  9, 10, 11]), array([9104, 4139, 4317, 6145, 2385, 5972, 4914, 3584, 4334, 1873, 3204,
       1872]))
INFO: 2022-06-20 22:07:16,043 - root -  - # EPOCH 26 | # Scoring: nmi 0.704 ami 0.704 ari 0.541 f1 0.577 acc 0.627
INFO: 2022-06-20 22:07:16,044 - root -  - Changed total 0.695.
INFO: 2022-06-20 22:07:24,561 - root -  - (array([ 0,  1,  2,  3,  4,  5,  6,  7,  8,  9, 10, 11]), array([8991, 4317, 3471, 1873, 5979, 5185, 4165, 4332, 2992, 2365, 3356,
       4817]))
INFO: 2022-06-20 22:07:24,758 - root -  - # EPOCH 28 | # Scoring: nmi 0.718 ami 0.718 ari 0.565 f1 0.570 acc 0.638
INFO: 2022-06-20 22:07:24,760 - root -  - Changed total 0.745.
INFO: 2022-06-20 22:07:31,824 - root -  - (array([ 0,  1,  2,  3,  4,  5,  6,  7,  8,  9, 10, 11]), array([3350, 4330, 4317, 3465, 9032, 4169, 5989, 2361, 4803, 1873, 5197,
       2957]))
INFO: 2022-06-20 22:07:32,046 - root -  - # EPOCH 30 | # Scoring: nmi 0.719 ami 0.718 ari 0.564 f1 0.569 acc 0.638
INFO: 2022-06-20 22:07:32,048 - root -  - Changed total 0.003.
INFO: 2022-06-20 22:07:32,048 - root -  - CONVERGED!!!
INFO: 2022-06-20 22:07:41,393 - root -  - (array([ 0,  1,  2,  3,  4,  5,  6,  7,  8,  9, 10, 11]), array([4973, 4350, 3468, 4327, 5965, 3775, 2987, 4092, 3037, 5740, 2197,
       6932]))
INFO: 2022-06-20 22:07:41,576 - root -  - # EPOCH 30 | # Scoring: nmi 0.735 ami 0.735 ari 0.601 f1 0.650 acc 0.685
INFO: 2022-06-20 22:07:41,578 - root -  - SAVE PREDICTION.
INFO: 2022-06-20 22:07:41,579 - root -  - SAVE RESULTS.
INFO: 2022-06-20 22:07:41,883 - root -  - SAVE PREDICTION PLOT.
INFO: 2022-06-20 22:07:45,395 - root -  - # FINAL SCORE @ EPOCH 30 | # Scoring: nmi 0.735 ami 0.735 ari 0.601 f1 0.650 acc 0.685
INFO: 2022-06-20 22:07:45,515 - root -  - SAVE PREDICTION RESULTS.
