INFO: 2022-06-20 18:08:27,844 - root -  - {'commit': 'implicit_ordering_5', 'exp': 5, 'savefig': True, 'saveResults': True, 'gpu_num': 3, 'dataset': 'pamap2', 'window': 2048, 'shift': 2048, 'learning_rate': 0.001, 'optimizer': 'Adam', 'epochs': 100, 'batch_size': 32, 'maxIters': 2, 'beta': 100, 'cluster_reassignment': 100, 'random_state': 52, 'threshold': 0.01, 'pretrain_epoch': 1, 'initializer': 'sequential', 'ablation': 'None', 'n_filters': 8, 'n_latent': 20, 'kernel_size': 3, 'padding': 'causal', 'n_dilation': 8, 'dropout_rate': 0.25, 'dilation_exp': 2, 'sampling_factor': 16}
INFO: 2022-06-20 18:08:27,904 - root -  - pamap2: Data size: (51843, 51) (51843,)
INFO: 2022-06-20 18:08:34,238 - root -  - Data shape: (51843, 20)
INFO: 2022-06-20 18:08:51,529 - root -  - (array([0.0000, 1.0000, 2.0000, 3.0000, 4.0000, 5.0000, 6.0000, 7.0000,
       8.0000, 9.0000, 10.0000, 11.0000]), array([4441, 4877, 2709, 8041, 1379, 3816, 4760, 6119, 2378, 5010, 3888,
       4425]))
INFO: 2022-06-20 18:08:51,787 - root -  - # EPOCH 2 | # Scoring: nmi 0.753 ami 0.753 ari 0.625 f1 0.613 acc 0.694
INFO: 2022-06-20 18:08:51,788 - root -  - Changed total 0.799.
INFO: 2022-06-20 18:08:52,434 - root -  - Data shape: (51843, 20)
INFO: 2022-06-20 18:09:09,679 - root -  - (array([0.0000, 1.0000, 2.0000, 3.0000, 4.0000, 5.0000, 6.0000, 7.0000,
       8.0000, 9.0000, 10.0000, 11.0000]), array([4617, 2764, 5043, 3078, 4424, 6263, 4879, 8076, 1651, 2718, 3638,
       4692]))
INFO: 2022-06-20 18:09:09,939 - root -  - # EPOCH 4 | # Scoring: nmi 0.762 ami 0.762 ari 0.649 f1 0.634 acc 0.716
INFO: 2022-06-20 18:09:09,940 - root -  - Changed total 0.077.
INFO: 2022-06-20 18:09:10,664 - root -  - Data shape: (51843, 20)
INFO: 2022-06-20 18:09:27,981 - root -  - (array([0.0000, 1.0000, 2.0000, 3.0000, 4.0000, 5.0000, 6.0000, 7.0000,
       8.0000, 9.0000, 10.0000, 11.0000]), array([4839, 2754, 5524, 2255, 4418, 6368, 4875, 8136, 1848, 2467, 3634,
       4725]))
INFO: 2022-06-20 18:09:28,231 - root -  - # EPOCH 6 | # Scoring: nmi 0.764 ami 0.763 ari 0.650 f1 0.624 acc 0.710
INFO: 2022-06-20 18:09:28,232 - root -  - Changed total 0.321.
INFO: 2022-06-20 18:09:28,853 - root -  - Data shape: (51843, 20)
INFO: 2022-06-20 18:09:46,162 - root -  - (array([0.0000, 1.0000, 2.0000, 3.0000, 4.0000, 5.0000, 6.0000, 7.0000,
       8.0000, 9.0000, 10.0000, 11.0000]), array([4836, 2560, 5667, 1776, 4414, 6422, 4877, 2227, 8238, 3634, 2466,
       4726]))
INFO: 2022-06-20 18:09:46,419 - root -  - # EPOCH 8 | # Scoring: nmi 0.760 ami 0.760 ari 0.648 f1 0.621 acc 0.705
INFO: 2022-06-20 18:09:46,420 - root -  - Changed total 0.144.
INFO: 2022-06-20 18:09:47,130 - root -  - Data shape: (51843, 20)
INFO: 2022-06-20 18:10:04,328 - root -  - (array([0.0000, 1.0000, 2.0000, 3.0000, 4.0000, 5.0000, 6.0000, 7.0000,
       8.0000, 9.0000, 10.0000, 11.0000]), array([2066, 2558, 5645, 1771, 4417, 6439, 4877, 4832, 8412, 3635, 2464,
       4727]))
INFO: 2022-06-20 18:10:04,578 - root -  - # EPOCH 10 | # Scoring: nmi 0.763 ami 0.763 ari 0.654 f1 0.622 acc 0.709
INFO: 2022-06-20 18:10:04,579 - root -  - Changed total 0.257.
INFO: 2022-06-20 18:10:05,191 - root -  - Data shape: (51843, 20)
INFO: 2022-06-20 18:10:22,214 - root -  - (array([0.0000, 1.0000, 2.0000, 3.0000, 4.0000, 5.0000, 6.0000, 7.0000,
       8.0000, 9.0000, 10.0000, 11.0000]), array([1956, 2438, 5608, 1770, 4417, 6595, 4878, 8523, 4832, 3634, 2463,
       4729]))
INFO: 2022-06-20 18:10:22,464 - root -  - # EPOCH 12 | # Scoring: nmi 0.764 ami 0.764 ari 0.656 f1 0.623 acc 0.710
INFO: 2022-06-20 18:10:22,465 - root -  - Changed total 0.442.
INFO: 2022-06-20 18:10:23,075 - root -  - Data shape: (51843, 20)
INFO: 2022-06-20 18:10:42,340 - root -  - (array([0.0000, 1.0000, 2.0000, 3.0000, 4.0000, 5.0000, 6.0000, 7.0000,
       8.0000, 9.0000, 10.0000, 11.0000]), array([6680, 5493, 1820, 4417, 1910, 2420, 4878, 8567, 4836, 3629, 2463,
       4730]))
INFO: 2022-06-20 18:10:42,615 - root -  - # EPOCH 14 | # Scoring: nmi 0.769 ami 0.769 ari 0.664 f1 0.625 acc 0.714
INFO: 2022-06-20 18:10:42,616 - root -  - Changed total 0.007.
INFO: 2022-06-20 18:10:42,616 - root -  - CONVERGED!!!
INFO: 2022-06-20 18:10:42,709 - root -  - Data shape: (51843, 20)
INFO: 2022-06-20 18:12:27,246 - root -  - (array([0.0000, 1.0000, 2.0000, 3.0000, 4.0000, 5.0000, 6.0000, 7.0000,
       8.0000, 9.0000, 10.0000, 11.0000]), array([7061, 3985, 3047, 4408, 2150, 2152, 4867, 8529, 4896, 3462, 2440,
       4846]))
INFO: 2022-06-20 18:12:27,500 - root -  - # EPOCH 14 | # Scoring: nmi 0.784 ami 0.784 ari 0.689 f1 0.656 acc 0.740
INFO: 2022-06-20 18:12:27,502 - root -  - SAVE PREDICTION.
INFO: 2022-06-20 18:12:27,507 - root -  - SAVE RESULTS.
INFO: 2022-06-20 18:12:27,800 - root -  - SAVE PREDICTION PLOT.
INFO: 2022-06-20 18:12:37,639 - root -  - # FINAL SCORE @ EPOCH 14 | # Scoring: nmi 0.784 ami 0.784 ari 0.689 f1 0.656 acc 0.740
INFO: 2022-06-20 18:12:37,885 - root -  - SAVE PREDICTION RESULTS.
